<?xml version="1.0" encoding="UTF-8"?>
<testng-results ignored="0" total="1" passed="1" failed="0" skipped="0">
  <reporter-output>
  </reporter-output>
  <suite started-at="2024-07-20T12:43:02 IST" name="Default suite" finished-at="2024-07-20T12:43:07 IST" duration-ms="4600">
    <groups>
    </groups>
    <test started-at="2024-07-20T12:43:02 IST" name="Default test" finished-at="2024-07-20T12:43:07 IST" duration-ms="4600">
      <class name="jsonDemo.complexJsonDemo">
        <test-method signature="createDonut()[pri:0, instance:jsonDemo.complexJsonDemo@2fb3536e]" started-at="2024-07-20T12:43:02 IST" name="createDonut" finished-at="2024-07-20T12:43:07 IST" duration-ms="4539" status="PASS">
          <reporter-output>
          </reporter-output>
        </test-method> <!-- createDonut -->
      </class> <!-- jsonDemo.complexJsonDemo -->
    </test> <!-- Default test -->
  </suite> <!-- Default suite -->
</testng-results>
